This is pdfeTeX, Version 3.141592-1.21a-2.2 (Web2C 7.5.4) (format=latex 2007.11.2)  16 MAR 2009 13:09
entering extended mode
**jmldbc
(./jmldbc.tex
LaTeX2e <2003/12/01>
Babel <v3.8d> and hyphenation patterns for american, french, german, ngerman, b
ahasa, basque, bulgarian, catalan, croatian, czech, danish, dutch, esperanto, e
stonian, finnish, greek, icelandic, irish, italian, latin, magyar, norsk, polis
h, portuges, romanian, russian, serbian, slovak, slovene, spanish, swedish, tur
kish, ukrainian, nohyphenation, loaded.
(/usr/share/texmf/tex/latex/base/article.cls
Document Class: article 2004/02/16 v1.4f Standard LaTeX document class
(/usr/share/texmf/tex/latex/base/size10.clo
File: size10.clo 2004/02/16 v1.4f Standard LaTeX file (size option)
)
\c@part=\count79
\c@section=\count80
\c@subsection=\count81
\c@subsubsection=\count82
\c@paragraph=\count83
\c@subparagraph=\count84
\c@figure=\count85
\c@table=\count86
\abovecaptionskip=\skip41
\belowcaptionskip=\skip42
\bibindent=\dimen102
)
(/usr/share/texmf/tex/latex/hyperref/hyperref.sty
Package: hyperref 2003/11/30 v6.74m Hypertext links for LaTeX

(/usr/share/texmf/tex/latex/graphics/keyval.sty
Package: keyval 1999/03/16 v1.13 key=value parser (DPC)
\KV@toks@=\toks14
)
\@linkdim=\dimen103
\Hy@linkcounter=\count87
\Hy@pagecounter=\count88

(/usr/share/texmf/tex/latex/hyperref/pd1enc.def
File: pd1enc.def 2003/11/30 v6.74m Hyperref: PDFDocEncoding definition (HO)
)
(/usr/share/texmf/tex/latex/hyperref/hyperref.cfg
File: hyperref.cfg 2002/06/06 v1.2 hyperref configuration of TeXLive and teTeX
)
Package hyperref Info: Hyper figures OFF on input line 1880.
Package hyperref Info: Link nesting OFF on input line 1885.
Package hyperref Info: Hyper index ON on input line 1888.
Package hyperref Info: Plain pages ON on input line 1893.
Package hyperref Info: Backreferencing OFF on input line 1900.

Implicit mode ON; LaTeX internals redefined
Package hyperref Info: Bookmarks ON on input line 2004.
(/home/leavens/texmf/tex/latex/misc/url.sty
Package: url 1996/02/06  ver 1.1  Verb mode for urls, email addresses, and file
 names
)
LaTeX Info: Redefining \url on input line 2143.
\Fld@menulength=\count89
\Field@Width=\dimen104
\Fld@charsize=\dimen105
\Choice@toks=\toks15
\Field@toks=\toks16
Package hyperref Info: Hyper figures OFF on input line 2618.
Package hyperref Info: Link nesting OFF on input line 2623.
Package hyperref Info: Hyper index ON on input line 2626.
Package hyperref Info: backreferencing OFF on input line 2633.
Package hyperref Info: Link coloring OFF on input line 2638.
\c@Item=\count90
\c@Hfootnote=\count91
)
*hyperref using default driver hdvips*
(/usr/share/texmf/tex/latex/hyperref/hdvips.def
File: hdvips.def 2003/11/30 v6.74m Hyperref driver for dvips

(/usr/share/texmf/tex/latex/hyperref/pdfmark.def
File: pdfmark.def 2003/11/30 v6.74m Hyperref definitions for pdfmark specials
\pdf@docset=\toks17
\pdf@box=\box26
\pdf@toks=\toks18
\pdf@defaulttoks=\toks19
\Fld@listcount=\count92
\@outlinefile=\write3
))
(/usr/share/texmf/tex/latex/graphics/graphicx.sty
Package: graphicx 1999/02/16 v1.0f Enhanced LaTeX Graphics (DPC,SPQR)

(/usr/share/texmf/tex/latex/graphics/graphics.sty
Package: graphics 2001/07/07 v1.0n Standard LaTeX Graphics (DPC,SPQR)

(/usr/share/texmf/tex/latex/graphics/trig.sty
Package: trig 1999/03/16 v1.09 sin cos tan (DPC)
)
(/usr/share/texmf/tex/latex/graphics/graphics.cfg
File: graphics.cfg 2005/02/03 v1.3 graphics configuration of teTeX/TeXLive
)
Package graphics Info: Driver file: dvips.def on input line 80.

(/usr/share/texmf/tex/latex/graphics/dvips.def
File: dvips.def 1999/02/16 v3.0i Driver-dependant file (DPC,SPQR)
))
\Gin@req@height=\dimen106
\Gin@req@width=\dimen107
)
(/usr/share/texmf/tex/latex/tools/verbatim.sty
Package: verbatim 2003/08/22 v1.5q LaTeX2e package for verbatim enhancements
\every@verbatim=\toks20
\verbatim@line=\toks21
\verbatim@in@stream=\read1
) (./use-full-page.tex
(./use-full-height.tex) (./use-full-width.tex)) (./jmldbc.aux)
\openout1 = `jmldbc.aux'.

LaTeX Font Info:    Checking defaults for OML/cmm/m/it on input line 26.
LaTeX Font Info:    ... okay on input line 26.
LaTeX Font Info:    Checking defaults for T1/cmr/m/n on input line 26.
LaTeX Font Info:    ... okay on input line 26.
LaTeX Font Info:    Checking defaults for OT1/cmr/m/n on input line 26.
LaTeX Font Info:    ... okay on input line 26.
LaTeX Font Info:    Checking defaults for OMS/cmsy/m/n on input line 26.
LaTeX Font Info:    ... okay on input line 26.
LaTeX Font Info:    Checking defaults for OMX/cmex/m/n on input line 26.
LaTeX Font Info:    ... okay on input line 26.
LaTeX Font Info:    Checking defaults for U/cmr/m/n on input line 26.
LaTeX Font Info:    ... okay on input line 26.
LaTeX Font Info:    Checking defaults for PD1/pdf/m/n on input line 26.
LaTeX Font Info:    ... okay on input line 26.
Package hyperref Info: Link coloring OFF on input line 26.

(/usr/share/texmf/tex/latex/hyperref/nameref.sty
Package: nameref 2003/12/03 v2.21 Cross-referencing by name of section
\c@section@level=\count93
)
LaTeX Info: Redefining \ref on input line 26.
LaTeX Info: Redefining \pageref on input line 26.
 (./jmldbc.out) (./jmldbc.out)
\openout3 = `jmldbc.out'.

LaTeX Font Info:    External font `cmex10' loaded for size
(Font)              <12> on input line 29.
LaTeX Font Info:    External font `cmex10' loaded for size
(Font)              <8> on input line 29.
LaTeX Font Info:    External font `cmex10' loaded for size
(Font)              <6> on input line 29.

Underfull \vbox (badness 1735) has occurred while \output is active []

 [1


]
File: samples/SqrtExample.java  (verbatim)

Underfull \vbox (badness 3492) has occurred while \output is active []

 [2]
LaTeX Font Info:    External font `cmex10' loaded for size
(Font)              <7> on input line 285.
LaTeX Font Info:    External font `cmex10' loaded for size
(Font)              <5> on input line 285.

[3] [4]
Underfull \vbox (badness 10000) has occurred while \output is active []

File: samples/Person.java  (verbatim)
 [5]
File: samples/Person.refines-java  (verbatim)

[6]
Underfull \hbox (badness 1831) in paragraph at lines 608--620
\OT1/cmr/m/n/10 pub-lic spec-i-fi-ca-tions can only men-tion publicly-
 []


Underfull \vbox (badness 1163) has occurred while \output is active []

 [7]
Underfull \vbox (badness 1460) has occurred while \output is active []


Underfull \hbox (badness 1033) in paragraph at lines 723--726
[]\OT1/cmr/m/n/10 As an ex-er-cise, for-mally spec-ify the fol-low-ing
 []

LaTeX Font Info:    Try loading font information for OMS+cmr on input line 747.

(/usr/share/texmf/tex/latex/base/omscmr.fd
File: omscmr.fd 1999/05/25 v2.5h Standard LaTeX font definitions
)
LaTeX Font Info:    Font shape `OMS/cmr/m/n' in size <10> not available
(Font)              Font shape `OMS/cmsy/m/n' tried instead on input line 747.
 [8]
Underfull \hbox (badness 1400) in paragraph at lines 763--767
[]\OT1/cmr/m/n/10 The doc-u-men-ta-tion gen-er-a-tor (\OT1/cmtt/m/n/10 jmldoc\O
T1/cmr/m/n/10 ) pro-
 []

File: samples/PersonMain.java  (verbatim)
[9] [10]
File: fig-abstraction-function.eps Graphic file (type eps)
 <fig-abstraction-function.eps>
Underfull \hbox (badness 10000) in paragraph at lines 1069--1072
\OT1/cmr/m/n/10 JML doc-u-men-ta-tion and tools are freely
 []


Underfull \hbox (badness 10000) in paragraph at lines 1069--1072
\OT1/cmr/m/n/10 avail-able from the JML web site at
 []


Underfull \hbox (badness 1924) in paragraph at lines 1069--1072
[][][][]\OT1/cmr/m/n/10 . A re-lease of JML
 []

[11]
Underfull \hbox (badness 1117) in paragraph at lines 1107--1109
[]\OT1/cmr/m/n/10 For more de-tails on in-stal-la-tion, re-fer to the
 []

(./jmldbc.bbl
Underfull \hbox (badness 4454) in paragraph at lines 52--58
[]\OT1/cmr/m/n/10 Gary T. Leav-ens, Al-bert L. Baker, and
 []


Underfull \hbox (badness 1817) in paragraph at lines 52--58
\OT1/cmr/m/n/10 Clyde Ruby.  Pre-lim-i-nary de-sign of JML:
 []


Underfull \hbox (badness 10000) in paragraph at lines 52--58
\OT1/cmr/m/n/10 A be-hav-ioral in-ter-face spec-i-fi-ca-tion lan-
 []


Underfull \hbox (badness 1348) in paragraph at lines 52--58
\OT1/cmr/m/n/10 guage for Java.  \OT1/cmr/m/it/10 ACM SIG-SOFT Soft-ware
 []


Underfull \hbox (badness 1360) in paragraph at lines 52--58
\OT1/cmr/m/it/10 En-gi-neer-ing Notes\OT1/cmr/m/n/10 , 31(3):1--38, March 2006.

 []


Overfull \hbox (13.95398pt too wide) in paragraph at lines 52--58
[][][][]\OT1/cmr/m/n/10 . 
 []

[12]) [13

] (./jmldbc.aux) ) 
Here is how much of TeX's memory you used:
 2310 strings out of 94501
 31522 string characters out of 1173692
 94846 words of memory out of 1000000
 5477 multiletter control sequences out of 10000+50000
 8746 words of font info for 32 fonts, out of 500000 for 2000
 580 hyphenation exceptions out of 1000
 25i,13n,36p,397b,319s stack positions out of 1500i,500n,5000p,200000b,5000s

Output written on jmldbc.dvi (13 pages, 95432 bytes).
